# JRE version: OpenJDK Runtime Environment GraalVM CE 22.3.0 (17.0.5+8) (build 17.0.5+8-jvmci-22.3-b08)
# Java VM: OpenJDK 64-Bit Server VM GraalVM CE 22.3.0 (17.0.5+8-jvmci-22.3-b08, mixed mode, sharing, tiered, jvmci, jvmci compiler, compressed oops, compressed class ptrs, parallel gc, linux-amd64)
GC Precious Log:
 CPUs: 8 total, 1 available
 Memory: 1024M
 Large Page Support: Disabled
 NUMA Support: Disabled
 Compressed Oops: Enabled (32-bit)
 Alignments: Space 512K, Generation 512K, Heap 2M
 Heap Min Capacity: 100M
 Heap Initial Capacity: 100M
 Heap Max Capacity: 512M
 Pre-touch: Disabled
 Parallel Workers: 1
Heap:
 PSYoungGen      total 50688K, used 29696K [0x00000000f5580000, 0x00000000f9d00000, 0x0000000100000000)
  eden space 29696K, 100% used [0x00000000f5580000,0x00000000f7280000,0x00000000f7280000)
  from space 20992K, 0% used [0x00000000f7280000,0x00000000f7280000,0x00000000f8700000)
  to   space 20992K, 0% used [0x00000000f8700000,0x00000000f8700000,0x00000000f9b80000)
 ParOldGen       total 349696K, used 349695K [0x00000000e0000000, 0x00000000f5580000, 0x00000000f5580000)
  object space 349696K, 99% used [0x00000000e0000000,0x00000000f557fff8,0x00000000f5580000)
 Metaspace       used 62043K, committed 63104K, reserved 1105920K
  class space    used 6113K, committed 6528K, reserved 1048576K
GC Heap History (20 events):
Event: 2003.298 GC heap before
{Heap before GC invocations=1289 (full 1180):
 PSYoungGen      total 50688K, used 29695K [0x00000000f5580000, 0x00000000f9d00000, 0x0000000100000000)
  eden space 29696K, 99% used [0x00000000f5580000,0x00000000f727fff0,0x00000000f7280000)
  from space 20992K, 0% used [0x00000000f7280000,0x00000000f7280000,0x00000000f8700000)
  to   space 20992K, 0% used [0x00000000f8700000,0x00000000f8700000,0x00000000f9b80000)
 ParOldGen       total 349696K, used 349693K [0x00000000e0000000, 0x00000000f5580000, 0x00000000f5580000)
  object space 349696K, 99% used [0x00000000e0000000,0x00000000f557f518,0x00000000f5580000)
 Metaspace       used 62043K, committed 63104K, reserved 1105920K
  class space    used 6113K, committed 6528K, reserved 1048576K
}
Event: 2005.328 GC heap after
{Heap after GC invocations=1289 (full 1180):
 PSYoungGen      total 50688K, used 29695K [0x00000000f5580000, 0x00000000f9d00000, 0x0000000100000000)
  eden space 29696K, 99% used [0x00000000f5580000,0x00000000f727fda8,0x00000000f7280000)
  from space 20992K, 0% used [0x00000000f8700000,0x00000000f8700000,0x00000000f9b80000)
  to   space 20992K, 0% used [0x00000000f7280000,0x00000000f7280000,0x00000000f8700000)
 ParOldGen       total 349696K, used 349692K [0x00000000e0000000, 0x00000000f5580000, 0x00000000f5580000)
  object space 349696K, 99% used [0x00000000e0000000,0x00000000f557f3b8,0x00000000f5580000)
 Metaspace       used 62043K, committed 63104K, reserved 1105920K
  class space    used 6113K, committed 6528K, reserved 1048576K
}
Event: 2005.331 GC heap before
{Heap before GC invocations=1290 (full 1181):
 PSYoungGen      total 50688K, used 29696K [0x00000000f5580000, 0x00000000f9d00000, 0x0000000100000000)
  eden space 29696K, 100% used [0x00000000f5580000,0x00000000f7280000,0x00000000f7280000)
  from space 20992K, 0% used [0x00000000f8700000,0x00000000f8700000,0x00000000f9b80000)
  to   space 20992K, 0% used [0x00000000f7280000,0x00000000f7280000,0x00000000f8700000)
 ParOldGen       total 349696K, used 349692K [0x00000000e0000000, 0x00000000f5580000, 0x00000000f5580000)
  object space 349696K, 99% used [0x00000000e0000000,0x00000000f557f3b8,0x00000000f5580000)
 Metaspace       used 62043K, committed 63104K, reserved 1105920K
  class space    used 6113K, committed 6528K, reserved 1048576K
}
Event: 2007.193 GC heap after
{Heap after GC invocations=1290 (full 1181):
 PSYoungGen      total 50688K, used 29695K [0x00000000f5580000, 0x00000000f9d00000, 0x0000000100000000)
  eden space 29696K, 99% used [0x00000000f5580000,0x00000000f727ffe8,0x00000000f7280000)
  from space 20992K, 0% used [0x00000000f7280000,0x00000000f7280000,0x00000000f8700000)
  to   space 20992K, 0% used [0x00000000f8700000,0x00000000f8700000,0x00000000f9b80000)
 ParOldGen       total 349696K, used 349692K [0x00000000e0000000, 0x00000000f5580000, 0x00000000f5580000)
  object space 349696K, 99% used [0x00000000e0000000,0x00000000f557f388,0x00000000f5580000)
 Metaspace       used 62043K, committed 63104K, reserved 1105920K
  class space    used 6113K, committed 6528K, reserved 1048576K
}
Event: 2007.193 GC heap before
{Heap before GC invocations=1291 (full 1182):
 PSYoungGen      total 50688K, used 29696K [0x00000000f5580000, 0x00000000f9d00000, 0x0000000100000000)
  eden space 29696K, 100% used [0x00000000f5580000,0x00000000f7280000,0x00000000f7280000)
  from space 20992K, 0% used [0x00000000f7280000,0x00000000f7280000,0x00000000f8700000)
  to   space 20992K, 0% used [0x00000000f8700000,0x00000000f8700000,0x00000000f9b80000)
 ParOldGen       total 349696K, used 349692K [0x00000000e0000000, 0x00000000f5580000, 0x00000000f5580000)
  object space 349696K, 99% used [0x00000000e0000000,0x00000000f557f388,0x00000000f5580000)
 Metaspace       used 62043K, committed 63104K, reserved 1105920K
  class space    used 6113K, committed 6528K, reserved 1048576K
}
Event: 2009.056 GC heap after
{Heap after GC invocations=1291 (full 1182):
 PSYoungGen      total 50688K, used 29696K [0x00000000f5580000, 0x00000000f9d00000, 0x0000000100000000)
  eden space 29696K, 100% used [0x00000000f5580000,0x00000000f7280000,0x00000000f7280000)
  from space 20992K, 0% used [0x00000000f8700000,0x00000000f8700000,0x00000000f9b80000)
  to   space 20992K, 0% used [0x00000000f7280000,0x00000000f7280000,0x00000000f8700000)
 ParOldGen       total 349696K, used 349692K [0x00000000e0000000, 0x00000000f5580000, 0x00000000f5580000)
  object space 349696K, 99% used [0x00000000e0000000,0x00000000f557f388,0x00000000f5580000)
 Metaspace       used 62043K, committed 63104K, reserved 1105920K
  class space    used 6113K, committed 6528K, reserved 1048576K
}
Event: 2009.064 GC heap before
{Heap before GC invocations=1292 (full 1183):
 PSYoungGen      total 50688K, used 29696K [0x00000000f5580000, 0x00000000f9d00000, 0x0000000100000000)
  eden space 29696K, 100% used [0x00000000f5580000,0x00000000f7280000,0x00000000f7280000)
  from space 20992K, 0% used [0x00000000f8700000,0x00000000f8700000,0x00000000f9b80000)
  to   space 20992K, 0% used [0x00000000f7280000,0x00000000f7280000,0x00000000f8700000)
 ParOldGen       total 349696K, used 349693K [0x00000000e0000000, 0x00000000f5580000, 0x00000000f5580000)
  object space 349696K, 99% used [0x00000000e0000000,0x00000000f557f760,0x00000000f5580000)
 Metaspace       used 62043K, committed 63104K, reserved 1105920K
  class space    used 6113K, committed 6528K, reserved 1048576K
}
Event: 2010.843 GC heap after
{Heap after GC invocations=1292 (full 1183):
 PSYoungGen      total 50688K, used 29696K [0x00000000f5580000, 0x00000000f9d00000, 0x0000000100000000)
  eden space 29696K, 100% used [0x00000000f5580000,0x00000000f7280000,0x00000000f7280000)
  from space 20992K, 0% used [0x00000000f7280000,0x00000000f7280000,0x00000000f8700000)
  to   space 20992K, 0% used [0x00000000f8700000,0x00000000f8700000,0x00000000f9b80000)
 ParOldGen       total 349696K, used 349693K [0x00000000e0000000, 0x00000000f5580000, 0x00000000f5580000)
  object space 349696K, 99% used [0x00000000e0000000,0x00000000f557f400,0x00000000f5580000)
 Metaspace       used 62043K, committed 63104K, reserved 1105920K
  class space    used 6113K, committed 6528K, reserved 1048576K
}
Event: 2010.843 GC heap before
{Heap before GC invocations=1293 (full 1184):
 PSYoungGen      total 50688K, used 29696K [0x00000000f5580000, 0x00000000f9d00000, 0x0000000100000000)
  eden space 29696K, 100% used [0x00000000f5580000,0x00000000f7280000,0x00000000f7280000)
  from space 20992K, 0% used [0x00000000f7280000,0x00000000f7280000,0x00000000f8700000)
  to   space 20992K, 0% used [0x00000000f8700000,0x00000000f8700000,0x00000000f9b80000)
 ParOldGen       total 349696K, used 349695K [0x00000000e0000000, 0x00000000f5580000, 0x00000000f5580000)
  object space 349696K, 99% used [0x00000000e0000000,0x00000000f557ffe0,0x00000000f5580000)
 Metaspace       used 62043K, committed 63104K, reserved 1105920K
  class space    used 6113K, committed 6528K, reserved 1048576K
}
Event: 2012.588 GC heap after
{Heap after GC invocations=1293 (full 1184):
 PSYoungGen      total 50688K, used 29696K [0x00000000f5580000, 0x00000000f9d00000, 0x0000000100000000)
  eden space 29696K, 100% used [0x00000000f5580000,0x00000000f7280000,0x00000000f7280000)
  from space 20992K, 0% used [0x00000000f8700000,0x00000000f8700000,0x00000000f9b80000)
  to   space 20992K, 0% used [0x00000000f7280000,0x00000000f7280000,0x00000000f8700000)
 ParOldGen       total 349696K, used 349695K [0x00000000e0000000, 0x00000000f5580000, 0x00000000f5580000)
  object space 349696K, 99% used [0x00000000e0000000,0x00000000f557ffa0,0x00000000f5580000)
 Metaspace       used 62043K, committed 63104K, reserved 1105920K
  class space    used 6113K, committed 6528K, reserved 1048576K
}
Event: 2012.593 GC heap before
{Heap before GC invocations=1294 (full 1185):
 PSYoungGen      total 50688K, used 29696K [0x00000000f5580000, 0x00000000f9d00000, 0x0000000100000000)
  eden space 29696K, 100% used [0x00000000f5580000,0x00000000f7280000,0x00000000f7280000)
  from space 20992K, 0% used [0x00000000f8700000,0x00000000f8700000,0x00000000f9b80000)
  to   space 20992K, 0% used [0x00000000f7280000,0x00000000f7280000,0x00000000f8700000)
 ParOldGen       total 349696K, used 349695K [0x00000000e0000000, 0x00000000f5580000, 0x00000000f5580000)
  object space 349696K, 99% used [0x00000000e0000000,0x00000000f557ffc8,0x00000000f5580000)
 Metaspace       used 62043K, committed 63104K, reserved 1105920K
  class space    used 6113K, committed 6528K, reserved 1048576K
}
Event: 2014.414 GC heap after
{Heap after GC invocations=1294 (full 1185):
 PSYoungGen      total 50688K, used 29696K [0x00000000f5580000, 0x00000000f9d00000, 0x0000000100000000)
  eden space 29696K, 100% used [0x00000000f5580000,0x00000000f7280000,0x00000000f7280000)
  from space 20992K, 0% used [0x00000000f7280000,0x00000000f7280000,0x00000000f8700000)
  to   space 20992K, 0% used [0x00000000f8700000,0x00000000f8700000,0x00000000f9b80000)
 ParOldGen       total 349696K, used 349695K [0x00000000e0000000, 0x00000000f5580000, 0x00000000f5580000)
  object space 349696K, 99% used [0x00000000e0000000,0x00000000f557ffc8,0x00000000f5580000)
 Metaspace       used 62043K, committed 63104K, reserved 1105920K
  class space    used 6113K, committed 6528K, reserved 1048576K
}
Event: 2014.417 GC heap before
{Heap before GC invocations=1295 (full 1186):
 PSYoungGen      total 50688K, used 29696K [0x00000000f5580000, 0x00000000f9d00000, 0x0000000100000000)
  eden space 29696K, 100% used [0x00000000f5580000,0x00000000f7280000,0x00000000f7280000)
  from space 20992K, 0% used [0x00000000f7280000,0x00000000f7280000,0x00000000f8700000)
  to   space 20992K, 0% used [0x00000000f8700000,0x00000000f8700000,0x00000000f9b80000)
 ParOldGen       total 349696K, used 349695K [0x00000000e0000000, 0x00000000f5580000, 0x00000000f5580000)
  object space 349696K, 99% used [0x00000000e0000000,0x00000000f557ffd8,0x00000000f5580000)
 Metaspace       used 62043K, committed 63104K, reserved 1105920K
  class space    used 6113K, committed 6528K, reserved 1048576K
}
Event: 2016.233 GC heap after
{Heap after GC invocations=1295 (full 1186):
 PSYoungGen      total 50688K, used 29696K [0x00000000f5580000, 0x00000000f9d00000, 0x0000000100000000)
  eden space 29696K, 100% used [0x00000000f5580000,0x00000000f7280000,0x00000000f7280000)
  from space 20992K, 0% used [0x00000000f8700000,0x00000000f8700000,0x00000000f9b80000)
  to   space 20992K, 0% used [0x00000000f7280000,0x00000000f7280000,0x00000000f8700000)
 ParOldGen       total 349696K, used 349695K [0x00000000e0000000, 0x00000000f5580000, 0x00000000f5580000)
  object space 349696K, 99% used [0x00000000e0000000,0x00000000f557ffd8,0x00000000f5580000)
 Metaspace       used 62043K, committed 63104K, reserved 1105920K
  class space    used 6113K, committed 6528K, reserved 1048576K
}
Event: 2016.234 GC heap before
{Heap before GC invocations=1296 (full 1187):
 PSYoungGen      total 50688K, used 29696K [0x00000000f5580000, 0x00000000f9d00000, 0x0000000100000000)
  eden space 29696K, 100% used [0x00000000f5580000,0x00000000f7280000,0x00000000f7280000)
  from space 20992K, 0% used [0x00000000f8700000,0x00000000f8700000,0x00000000f9b80000)
  to   space 20992K, 0% used [0x00000000f7280000,0x00000000f7280000,0x00000000f8700000)
 ParOldGen       total 349696K, used 349695K [0x00000000e0000000, 0x00000000f5580000, 0x00000000f5580000)
  object space 349696K, 99% used [0x00000000e0000000,0x00000000f557ffd8,0x00000000f5580000)
 Metaspace       used 62043K, committed 63104K, reserved 1105920K
  class space    used 6113K, committed 6528K, reserved 1048576K
}
Event: 2017.852 GC heap after
{Heap after GC invocations=1296 (full 1187):
 PSYoungGen      total 50688K, used 29696K [0x00000000f5580000, 0x00000000f9d00000, 0x0000000100000000)
  eden space 29696K, 100% used [0x00000000f5580000,0x00000000f7280000,0x00000000f7280000)
  from space 20992K, 0% used [0x00000000f7280000,0x00000000f7280000,0x00000000f8700000)
  to   space 20992K, 0% used [0x00000000f8700000,0x00000000f8700000,0x00000000f9b80000)
 ParOldGen       total 349696K, used 349695K [0x00000000e0000000, 0x00000000f5580000, 0x00000000f5580000)
  object space 349696K, 99% used [0x00000000e0000000,0x00000000f557ffd8,0x00000000f5580000)
 Metaspace       used 62043K, committed 63104K, reserved 1105920K
  class space    used 6113K, committed 6528K, reserved 1048576K
}
Event: 2017.854 GC heap before
{Heap before GC invocations=1297 (full 1188):
 PSYoungGen      total 50688K, used 29696K [0x00000000f5580000, 0x00000000f9d00000, 0x0000000100000000)
  eden space 29696K, 100% used [0x00000000f5580000,0x00000000f7280000,0x00000000f7280000)
  from space 20992K, 0% used [0x00000000f7280000,0x00000000f7280000,0x00000000f8700000)
  to   space 20992K, 0% used [0x00000000f8700000,0x00000000f8700000,0x00000000f9b80000)
 ParOldGen       total 349696K, used 349695K [0x00000000e0000000, 0x00000000f5580000, 0x00000000f5580000)
  object space 349696K, 99% used [0x00000000e0000000,0x00000000f557ffd8,0x00000000f5580000)
 Metaspace       used 62043K, committed 63104K, reserved 1105920K
  class space    used 6113K, committed 6528K, reserved 1048576K
}
Event: 2019.600 GC heap after
{Heap after GC invocations=1297 (full 1188):
 PSYoungGen      total 50688K, used 29696K [0x00000000f5580000, 0x00000000f9d00000, 0x0000000100000000)
  eden space 29696K, 100% used [0x00000000f5580000,0x00000000f7280000,0x00000000f7280000)
  from space 20992K, 0% used [0x00000000f8700000,0x00000000f8700000,0x00000000f9b80000)
  to   space 20992K, 0% used [0x00000000f7280000,0x00000000f7280000,0x00000000f8700000)
 ParOldGen       total 349696K, used 349695K [0x00000000e0000000, 0x00000000f5580000, 0x00000000f5580000)
  object space 349696K, 99% used [0x00000000e0000000,0x00000000f557ffd8,0x00000000f5580000)
 Metaspace       used 62043K, committed 63104K, reserved 1105920K
  class space    used 6113K, committed 6528K, reserved 1048576K
}
Event: 2019.600 GC heap before
{Heap before GC invocations=1298 (full 1189):
 PSYoungGen      total 50688K, used 29696K [0x00000000f5580000, 0x00000000f9d00000, 0x0000000100000000)
  eden space 29696K, 100% used [0x00000000f5580000,0x00000000f7280000,0x00000000f7280000)
  from space 20992K, 0% used [0x00000000f8700000,0x00000000f8700000,0x00000000f9b80000)
  to   space 20992K, 0% used [0x00000000f7280000,0x00000000f7280000,0x00000000f8700000)
 ParOldGen       total 349696K, used 349695K [0x00000000e0000000, 0x00000000f5580000, 0x00000000f5580000)
  object space 349696K, 99% used [0x00000000e0000000,0x00000000f557ffd8,0x00000000f5580000)
 Metaspace       used 62043K, committed 63104K, reserved 1105920K
  class space    used 6113K, committed 6528K, reserved 1048576K
}
Event: 2021.564 GC heap after
{Heap after GC invocations=1298 (full 1189):
 PSYoungGen      total 50688K, used 29696K [0x00000000f5580000, 0x00000000f9d00000, 0x0000000100000000)
  eden space 29696K, 100% used [0x00000000f5580000,0x00000000f7280000,0x00000000f7280000)
  from space 20992K, 0% used [0x00000000f7280000,0x00000000f7280000,0x00000000f8700000)
  to   space 20992K, 0% used [0x00000000f8700000,0x00000000f8700000,0x00000000f9b80000)
 ParOldGen       total 349696K, used 349695K [0x00000000e0000000, 0x00000000f5580000, 0x00000000f5580000)
  object space 349696K, 99% used [0x00000000e0000000,0x00000000f557ffd8,0x00000000f5580000)
 Metaspace       used 62043K, committed 63104K, reserved 1105920K
  class space    used 6113K, committed 6528K, reserved 1048576K
}

